#
# A fatal error has been detected by the Java Runtime Environment:
#
#  SIGSEGV (0xb) at pc=0x0000000100f6ad02, pid=5526, tid=0x0000000000000307
#
# JRE version: Java(TM) SE Runtime Environment (8.0_152-b16) (build 1.8.0_152-b16)
# Java VM: Java HotSpot(TM) 64-Bit Server VM (25.152-b16 mixed mode bsd-amd64 compressed oops)
# Problematic frame:
# V  [libjvm.dylib+0x16ad02]
#
# Failed to write core dump. Core dumps have been disabled. To enable core dumping, try "ulimit -c unlimited" before starting Java again
#
# If you would like to submit a bug report, please visit:
#   http://bugreport.java.com/bugreport/crash.jsp
#

---------------  T H R E A D  ---------------

Current thread is native thread

siginfo: si_signo: 11 (SIGSEGV), si_code: 1 (SEGV_MAPERR), si_addr: 0x0000000000000270

Registers:
RAX=0x0000000000000000, RBX=0x0000000000000000, RCX=0x00007ffeef6dd840, RDX=0x00007f97321062a8
RSP=0x00007ffeef6dd6b0, RBP=0x00007ffeef6dd6c0, RSI=0x0000000000000006, RDI=0x00007ffeef6dd750
R8 =0x0000000000000000, R9 =0x0000000000000040, R10=0x000000011986f468, R11=0x00007f97320261d0
R12=0x00007f97301069f8, R13=0x0000000000000000, R14=0x00007f97321062a8, R15=0x00007f972de035d8
RIP=0x0000000100f6ad02, EFLAGS=0x0000000000010246, ERR=0x0000000000000006
  TRAPNO=0x000000000000000e

Top of Stack: (sp=0x00007ffeef6dd6b0)
0x00007ffeef6dd6b0:   00007ffeef6dd840 00007f97321062a8
0x00007ffeef6dd6c0:   00007ffeef6dd780 000000010111f43a
0x00007ffeef6dd6d0:   000000010053ce00 0000000000000002
0x00007ffeef6dd6e0:   000000010053ce00 0000000000000004
0x00007ffeef6dd6f0:   0000000100539080 00007f9732100000
0x00007ffeef6dd700:   00007ffeef6dd760 00007fff52c5d254
0x00007ffeef6dd710:   0000000000000001 00007f9736900000
0x00007ffeef6dd720:   0000000000001400 000000000000000c
0x00007ffeef6dd730:   00007f973218bd70 0000000000000000
0x00007ffeef6dd740:   0000000000000000 0000000000000014
0x00007ffeef6dd750:   0000000000000000 00007f97301069f8
0x00007ffeef6dd760:   0000000000000020 00007f972dd872f8
0x00007ffeef6dd770:   000000011b621a20 000000011b5e3500
0x00007ffeef6dd780:   00007ffeef6dd870 00007fff2eddf089
0x00007ffeef6dd790:   0000000000000020 0000000000000040
0x00007ffeef6dd7a0:   0000000000000000 0000000000000000
0x00007ffeef6dd7b0:   0000000000000000 0000000000000040
0x00007ffeef6dd7c0:   000000010053ce00 0000000000000002
0x00007ffeef6dd7d0:   000000010053ce00 0000000000000005
0x00007ffeef6dd7e0:   0000000100539080 00007f9736900000
0x00007ffeef6dd7f0:   00007ffeef6dd8b8 0000000000000006
0x00007ffeef6dd800:   00007f973210a660 00007ffeef6dd8b8
0x00007ffeef6dd810:   00007ffeef6dd820 00007fff2b217a52
0x00007ffeef6dd820:   00007ffeef6dd8a0 00007fff2b20409a
0x00007ffeef6dd830:   0000000000000006 00007f972deb9640
0x00007ffeef6dd840:   0000003000000010 00007ffeef6dd880
0x00007ffeef6dd850:   00007ffeef6dd790 cea41be757050083
0x00007ffeef6dd860:   0000000000000000 0000000000000000
0x00007ffeef6dd870:   00007ffeef6dd890 000000011b5e349d
0x00007ffeef6dd880:   0000000000000020 00007f972dd872f0
0x00007ffeef6dd890:   00007ffeef6dd8a0 00007fff2b266fa7
0x00007ffeef6dd8a0:   00007ffeef6dd960 00007fff2b266ecf 

Instructions: (pc=0x0000000100f6ad02)
0x0000000100f6ace2:   0e 48 8b 0b 49 8b 56 18 48 63 c0 48 89 0c c2 5b
0x0000000100f6acf2:   41 5e 5d c3 90 90 55 48 89 e5 41 56 53 48 8b 1f
0x0000000100f6ad02:   c7 83 70 02 00 00 05 00 00 00 48 8d 05 35 af 78
0x0000000100f6ad12:   00 8b 00 83 f8 01 41 89 f6 75 0c 48 8d 0d 82 1a 

Register to memory mapping:

RAX=0x0000000000000000 is an unknown value
RBX=0x0000000000000000 is an unknown value
RCX=0x00007ffeef6dd840 is an unknown value
RDX=0x00007f97321062a8 is an unknown value
RSP=0x00007ffeef6dd6b0 is an unknown value
RBP=0x00007ffeef6dd6c0 is an unknown value
RSI=0x0000000000000006 is an unknown value
RDI=0x00007ffeef6dd750 is an unknown value
R8 =0x0000000000000000 is an unknown value
R9 =0x0000000000000040 is an unknown value
R10=0x000000011986f468: OBJC_METACLASS_$_ThreadUtilities+0 in /Library/Java/JavaVirtualMachines/jdk1.8.0_152.jdk/Contents/Home/jre/lib/./libosxapp.dylib at 0x0000000119867000
R11=0x00007f97320261d0 is an unknown value
R12=0x00007f97301069f8 is an unknown value
R13=0x0000000000000000 is an unknown value
R14=0x00007f97321062a8 is an unknown value
R15=0x00007f972de035d8 is a global jni handle


Stack: [0x00007ffeeeee4000,0x00007ffeef6e4000],  sp=0x00007ffeef6dd6b0,  free space=8165k
Native frames: (J=compiled Java code, j=interpreted, Vv=VM code, C=native code)
V  [libjvm.dylib+0x16ad02]
V  [libjvm.dylib+0x31f43a]
C  [JavaNativeFoundation+0x4089]  JNFCallStaticVoidMethod+0xb0
C  [libawt_lwawt.dylib+0x4749d]  setBusy+0x79
C  [CoreFoundation+0xa2fa7]  __CFRUNLOOP_IS_CALLING_OUT_TO_AN_OBSERVER_CALLBACK_FUNCTION__+0x17
C  [CoreFoundation+0xa2ecf]  __CFRunLoopDoObservers+0x20f
C  [CoreFoundation+0x855f0]  __CFRunLoopRun+0x640
C  [CoreFoundation+0x84d23]  CFRunLoopRunSpecific+0x1e3
C  [HIToolbox+0x2fe26]  RunCurrentEventLoopInMode+0x11e
C  [HIToolbox+0x2fb96]  ReceiveNextEventCommon+0x265
C  [HIToolbox+0x2f914]  _BlockUntilNextEventMatchingListInModeWithFilter+0x40
C  [AppKit+0x41f5f]  _DPSNextEvent+0x825
C  [AppKit+0x7d7b4c]  -[NSApplication(NSEvent) _nextEventMatchingEventMask:untilDate:inMode:dequeue:]+0xbe4
C  [libosxapp.dylib+0x23aa]  -[NSApplicationAWT nextEventMatchingMask:untilDate:inMode:dequeue:]+0x7c
C  [AppKit+0x36d6d]  -[NSApplication run]+0x2fc
C  [libosxapp.dylib+0x214d]  +[NSApplicationAWT runAWTLoopWithApp:]+0x9c
C  [libawt_lwawt.dylib+0x47397]  -[AWTStarter starter:]+0x389
C  [Foundation+0x68125]  __NSThreadPerformPerform+0x14e
C  [CoreFoundation+0xa35a1]  __CFRUNLOOP_IS_CALLING_OUT_TO_A_SOURCE0_PERFORM_FUNCTION__+0x11
C  [CoreFoundation+0x15d35c]  __CFRunLoopDoSource0+0x6c
C  [CoreFoundation+0x86040]  __CFRunLoopDoSources0+0xd0
C  [CoreFoundation+0x854bd]  __CFRunLoopRun+0x50d
C  [CoreFoundation+0x84d23]  CFRunLoopRunSpecific+0x1e3
C  [java+0x647a]  CreateExecutionEnvironment+0x367
C  [java+0x212c]  JLI_Launch+0x7a0
C  [java+0x84d7]  main+0x65
C  [java+0x1984]  start+0x34


---------------  P R O C E S S  ---------------

VM state:not at safepoint (normal execution)

VM Mutex/Monitor currently owned by a thread: None

Heap:
 PSYoungGen      total 598016K, used 137089K [0x0000000795580000, 0x00000007bf100000, 0x00000007c0000000)
  eden space 529920K, 19% used [0x0000000795580000,0x000000079bbb8380,0x00000007b5b00000)
  from space 68096K, 47% used [0x00000007bae80000,0x00000007bce28218,0x00000007bf100000)
  to   space 76800K, 0% used [0x00000007b5b00000,0x00000007b5b00000,0x00000007ba600000)
 ParOldGen       total 310784K, used 250520K [0x0000000740000000, 0x0000000752f80000, 0x0000000795580000)
  object space 310784K, 80% used [0x0000000740000000,0x000000074f4a62b0,0x0000000752f80000)
 Metaspace       used 58991K, capacity 59775K, committed 60328K, reserved 1101824K
  class space    used 7283K, capacity 7521K, committed 7592K, reserved 1048576K

Card table byte_map: [0x000000010216c000,0x000000010256d000] byte_map_base: 0x00000000fe76c000

Marking Bits: (ParMarkBitMap*) 0x00000001016f66c0
 Begin Bits: [0x0000000111ba0000, 0x0000000113ba0000)
 End Bits:   [0x0000000113ba0000, 0x0000000115ba0000)

Polling page: 0x0000000100599000

CodeCache: size=245760Kb used=41761Kb max_used=41772Kb free=203998Kb
 bounds [0x0000000102ba0000, 0x00000001054c0000, 0x0000000111ba0000]
 total_blobs=11220 nmethods=10256 adapters=873
 compilation: enabled

Compilation events (10 events):
Event: 178.473 Thread 0x00007f972e05c800 14826       4       net.minecraftforge.client.event.GuiScreenEvent::<init> (10 bytes)
Event: 178.474 Thread 0x00007f972e05c800 nmethod 14826 0x00000001054736d0 code [0x0000000105473820, 0x00000001054738f8]
Event: 178.550 Thread 0x00007f972f021000 14827   !   4       org.lwjgl.input.Mouse::updateCursor (71 bytes)
Event: 178.552 Thread 0x00007f972f021000 nmethod 14827 0x0000000105473290 code [0x00000001054733e0, 0x0000000105473618]
Event: 178.558 Thread 0x00007f972e05c800 14828   !   4       org.lwjgl.opengl.MacOSXDisplay::update (114 bytes)
Event: 178.611 Thread 0x00007f972e05c800 nmethod 14828 0x00000001054ad050 code [0x00000001054ad3a0, 0x00000001054aeaf8]
Event: 179.187 Thread 0x00007f972f021000 14829       4       net.minecraft.client.renderer.entity.RenderPig::getEntityTexture (9 bytes)
Event: 179.188 Thread 0x00007f972f021000 nmethod 14829 0x0000000105471850 code [0x00000001054719a0, 0x0000000105471a38]
Event: 179.497 Thread 0x00007f972e05c800 14830       4       net.minecraft.client.model.ModelWolf::setLivingAnimations (470 bytes)
Event: 179.512 Thread 0x00007f972e05c800 nmethod 14830 0x00000001054a5f90 code [0x00000001054a62e0, 0x00000001054a6cd8]

GC Heap History (10 events):
Event: 107.634 GC heap before
{Heap before GC invocations=31 (full 6):
 PSYoungGen      total 610304K, used 332501K [0x0000000795580000, 0x00000007c0000000, 0x00000007c0000000)
  eden space 542208K, 49% used [0x0000000795580000,0x00000007a5d303b0,0x00000007b6700000)
  from space 68096K, 91% used [0x00000007bbd80000,0x00000007bfa85180,0x00000007c0000000)
  to   space 78336K, 0% used [0x00000007b6700000,0x00000007b6700000,0x00000007bb380000)
 ParOldGen       total 310784K, used 177807K [0x0000000740000000, 0x0000000752f80000, 0x0000000795580000)
  object space 310784K, 57% used [0x0000000740000000,0x000000074ada3e98,0x0000000752f80000)
 Metaspace       used 57017K, capacity 57833K, committed 58152K, reserved 1099776K
  class space    used 7191K, capacity 7452K, committed 7464K, reserved 1048576K
Event: 107.711 GC heap after
Heap after GC invocations=31 (full 6):
 PSYoungGen      total 620544K, used 78331K [0x0000000795580000, 0x00000007c0000000, 0x00000007c0000000)
  eden space 542208K, 0% used [0x0000000795580000,0x0000000795580000,0x00000007b6700000)
  from space 78336K, 99% used [0x00000007b6700000,0x00000007bb37ecf8,0x00000007bb380000)
  to   space 78336K, 0% used [0x00000007bb380000,0x00000007bb380000,0x00000007c0000000)
 ParOldGen       total 310784K, used 179457K [0x0000000740000000, 0x0000000752f80000, 0x0000000795580000)
  object space 310784K, 57% used [0x0000000740000000,0x000000074af40548,0x0000000752f80000)
 Metaspace       used 57017K, capacity 57833K, committed 58152K, reserved 1099776K
  class space    used 7191K, capacity 7452K, committed 7464K, reserved 1048576K
}
Event: 107.711 GC heap before
{Heap before GC invocations=32 (full 7):
 PSYoungGen      total 620544K, used 78331K [0x0000000795580000, 0x00000007c0000000, 0x00000007c0000000)
  eden space 542208K, 0% used [0x0000000795580000,0x0000000795580000,0x00000007b6700000)
  from space 78336K, 99% used [0x00000007b6700000,0x00000007bb37ecf8,0x00000007bb380000)
  to   space 78336K, 0% used [0x00000007bb380000,0x00000007bb380000,0x00000007c0000000)
 ParOldGen       total 310784K, used 179457K [0x0000000740000000, 0x0000000752f80000, 0x0000000795580000)
  object space 310784K, 57% used [0x0000000740000000,0x000000074af40548,0x0000000752f80000)
 Metaspace       used 57017K, capacity 57833K, committed 58152K, reserved 1099776K
  class space    used 7191K, capacity 7452K, committed 7464K, reserved 1048576K
Event: 108.919 GC heap after
Heap after GC invocations=32 (full 7):
 PSYoungGen      total 620544K, used 0K [0x0000000795580000, 0x00000007c0000000, 0x00000007c0000000)
  eden space 542208K, 0% used [0x0000000795580000,0x0000000795580000,0x00000007b6700000)
  from space 78336K, 0% used [0x00000007b6700000,0x00000007b6700000,0x00000007bb380000)
  to   space 78336K, 0% used [0x00000007bb380000,0x00000007bb380000,0x00000007c0000000)
 ParOldGen       total 310784K, used 250496K [0x0000000740000000, 0x0000000752f80000, 0x0000000795580000)
  object space 310784K, 80% used [0x0000000740000000,0x000000074f4a02b0,0x0000000752f80000)
 Metaspace       used 57017K, capacity 57833K, committed 58152K, reserved 1099776K
  class space    used 7191K, capacity 7452K, committed 7464K, reserved 1048576K
}
Event: 115.169 GC heap before
{Heap before GC invocations=33 (full 7):
 PSYoungGen      total 620544K, used 542208K [0x0000000795580000, 0x00000007c0000000, 0x00000007c0000000)
  eden space 542208K, 100% used [0x0000000795580000,0x00000007b6700000,0x00000007b6700000)
  from space 78336K, 0% used [0x00000007b6700000,0x00000007b6700000,0x00000007bb380000)
  to   space 78336K, 0% used [0x00000007bb380000,0x00000007bb380000,0x00000007c0000000)
 ParOldGen       total 310784K, used 250496K [0x0000000740000000, 0x0000000752f80000, 0x0000000795580000)
  object space 310784K, 80% used [0x0000000740000000,0x000000074f4a02b0,0x0000000752f80000)
 Metaspace       used 58223K, capacity 59007K, committed 59560K, reserved 1101824K
  class space    used 7271K, capacity 7521K, committed 7592K, reserved 1048576K
Event: 115.187 GC heap after
Heap after GC invocations=33 (full 7):
 PSYoungGen      total 603136K, used 30694K [0x0000000795580000, 0x00000007c0000000, 0x00000007c0000000)
  eden space 524800K, 0% used [0x0000000795580000,0x0000000795580000,0x00000007b5600000)
  from space 78336K, 39% used [0x00000007bb380000,0x00000007bd179908,0x00000007c0000000)
  to   space 87040K, 0% used [0x00000007b5600000,0x00000007b5600000,0x00000007bab00000)
 ParOldGen       total 310784K, used 250504K [0x0000000740000000, 0x0000000752f80000, 0x0000000795580000)
  object space 310784K, 80% used [0x0000000740000000,0x000000074f4a22b0,0x0000000752f80000)
 Metaspace       used 58223K, capacity 59007K, committed 59560K, reserved 1101824K
  class space    used 7271K, capacity 7521K, committed 7592K, reserved 1048576K
}
Event: 145.853 GC heap before
{Heap before GC invocations=34 (full 7):
 PSYoungGen      total 603136K, used 555494K [0x0000000795580000, 0x00000007c0000000, 0x00000007c0000000)
  eden space 524800K, 100% used [0x0000000795580000,0x00000007b5600000,0x00000007b5600000)
  from space 78336K, 39% used [0x00000007bb380000,0x00000007bd179908,0x00000007c0000000)
  to   space 87040K, 0% used [0x00000007b5600000,0x00000007b5600000,0x00000007bab00000)
 ParOldGen       total 310784K, used 250504K [0x0000000740000000, 0x0000000752f80000, 0x0000000795580000)
  object space 310784K, 80% used [0x0000000740000000,0x000000074f4a22b0,0x0000000752f80000)
 Metaspace       used 58646K, capacity 59519K, committed 60072K, reserved 1101824K
  class space    used 7271K, capacity 7521K, committed 7592K, reserved 1048576K
Event: 145.870 GC heap after
Heap after GC invocations=34 (full 7):
 PSYoungGen      total 611840K, used 31296K [0x0000000795580000, 0x00000007bfe80000, 0x00000007c0000000)
  eden space 524800K, 0% used [0x0000000795580000,0x0000000795580000,0x00000007b5600000)
  from space 87040K, 35% used [0x00000007b5600000,0x00000007b7490318,0x00000007bab00000)
  to   space 81920K, 0% used [0x00000007bae80000,0x00000007bae80000,0x00000007bfe80000)
 ParOldGen       total 310784K, used 250512K [0x0000000740000000, 0x0000000752f80000, 0x0000000795580000)
  object space 310784K, 80% used [0x0000000740000000,0x000000074f4a42b0,0x0000000752f80000)
 Metaspace       used 58646K, capacity 59519K, committed 60072K, reserved 1101824K
  class space    used 7271K, capacity 7521K, committed 7592K, reserved 1048576K
}
Event: 155.076 GC heap before
{Heap before GC invocations=35 (full 7):
 PSYoungGen      total 611840K, used 556096K [0x0000000795580000, 0x00000007bfe80000, 0x00000007c0000000)
  eden space 524800K, 100% used [0x0000000795580000,0x00000007b5600000,0x00000007b5600000)
  from space 87040K, 35% used [0x00000007b5600000,0x00000007b7490318,0x00000007bab00000)
  to   space 81920K, 0% used [0x00000007bae80000,0x00000007bae80000,0x00000007bfe80000)
 ParOldGen       total 310784K, used 250512K [0x0000000740000000, 0x0000000752f80000, 0x0000000795580000)
  object space 310784K, 80% used [0x0000000740000000,0x000000074f4a42b0,0x0000000752f80000)
 Metaspace       used 58944K, capacity 59775K, committed 60328K, reserved 1101824K
  class space    used 7278K, capacity 7521K, committed 7592K, reserved 1048576K
Event: 155.096 GC heap after
Heap after GC invocations=35 (full 7):
 PSYoungGen      total 598016K, used 32416K [0x0000000795580000, 0x00000007bf100000, 0x00000007c0000000)
  eden space 529920K, 0% used [0x0000000795580000,0x0000000795580000,0x00000007b5b00000)
  from space 68096K, 47% used [0x00000007bae80000,0x00000007bce28218,0x00000007bf100000)
  to   space 76800K, 0% used [0x00000007b5b00000,0x00000007b5b00000,0x00000007ba600000)
 ParOldGen       total 310784K, used 250520K [0x0000000740000000, 0x0000000752f80000, 0x0000000795580000)
  object space 310784K, 80% used [0x0000000740000000,0x000000074f4a62b0,0x0000000752f80000)
 Metaspace       used 58944K, capacity 59775K, committed 60328K, reserved 1101824K
  class space    used 7278K, capacity 7521K, committed 7592K, reserved 1048576K
}

Deoptimization events (10 events):
Event: 151.382 Thread 0x00007f972e00b000 Uncommon trap: reason=bimorphic action=maybe_recompile pc=0x0000000104af32a0 method=net.minecraft.client.renderer.entity.RenderLivingBase.prepareScale(Lnet/minecraft/entity/EntityLivingBase;F)F @ 16
Event: 151.382 Thread 0x00007f972e00b000 Uncommon trap: reason=bimorphic action=maybe_recompile pc=0x0000000104af32a0 method=net.minecraft.client.renderer.entity.RenderLivingBase.prepareScale(Lnet/minecraft/entity/EntityLivingBase;F)F @ 16
Event: 151.400 Thread 0x00007f972e00b000 Uncommon trap: reason=bimorphic action=maybe_recompile pc=0x0000000104af32a0 method=net.minecraft.client.renderer.entity.RenderLivingBase.prepareScale(Lnet/minecraft/entity/EntityLivingBase;F)F @ 16
Event: 151.400 Thread 0x00007f972e00b000 Uncommon trap: reason=bimorphic action=maybe_recompile pc=0x0000000104af32a0 method=net.minecraft.client.renderer.entity.RenderLivingBase.prepareScale(Lnet/minecraft/entity/EntityLivingBase;F)F @ 16
Event: 152.751 Thread 0x00007f972e00b000 Uncommon trap: reason=unstable_if action=reinterpret pc=0x0000000104bb3210 method=net.minecraft.util.math.MathHelper.abs(I)I @ 1
Event: 154.236 Thread 0x00007f972e00b000 Uncommon trap: reason=unstable_if action=reinterpret pc=0x00000001049068d0 method=net.minecraft.util.math.MathHelper.abs(I)I @ 1
Event: 154.960 Thread 0x00007f9735a91000 Uncommon trap: reason=class_check action=maybe_recompile pc=0x00000001040c3794 method=net.minecraft.world.biome.BiomeColorHelper.getColorAtPos(Lnet/minecraft/world/IBlockAccess;Lnet/minecraft/util/math/BlockPos;Lnet/minecraft/world/biome/BiomeColorHelper$
Event: 155.199 Thread 0x00007f9735a9d000 Uncommon trap: reason=unstable_if action=reinterpret pc=0x0000000104fad640 method=net.minecraft.entity.EntityTrackerEntry.updatePlayerList(Ljava/util/List;)V @ 692
Event: 155.203 Thread 0x00007f9735a91000 Uncommon trap: reason=class_check action=maybe_recompile pc=0x00000001040c3794 method=net.minecraft.world.biome.BiomeColorHelper.getColorAtPos(Lnet/minecraft/world/IBlockAccess;Lnet/minecraft/util/math/BlockPos;Lnet/minecraft/world/biome/BiomeColorHelper$
Event: 155.305 Thread 0x00007f9731c7b000 Uncommon trap: reason=class_check action=maybe_recompile pc=0x00000001040c3794 method=net.minecraft.world.biome.BiomeColorHelper.getColorAtPos(Lnet/minecraft/world/IBlockAccess;Lnet/minecraft/util/math/BlockPos;Lnet/minecraft/world/biome/BiomeColorHelper$

Classes redefined (0 events):
No events

Internal exceptions (10 events):
Event: 179.629 Thread 0x00007f9731e9a000 Exception <a 'java/lang/InterruptedException': sleep interrupted> (0x000000079b08ed00) thrown at [/Users/java_re/workspace/8-2-build-macosx-x86_64/jdk8u152/9742/hotspot/src/share/vm/prims/jvm.cpp, line 3228]
Event: 179.639 Thread 0x00007f9731e9a000 Exception <a 'java/lang/InterruptedException': sleep interrupted> (0x000000079b08ef58) thrown at [/Users/java_re/workspace/8-2-build-macosx-x86_64/jdk8u152/9742/hotspot/src/share/vm/prims/jvm.cpp, line 3228]
Event: 179.651 Thread 0x00007f9731e9a000 Exception <a 'java/lang/InterruptedException': sleep interrupted> (0x000000079b08f1b0) thrown at [/Users/java_re/workspace/8-2-build-macosx-x86_64/jdk8u152/9742/hotspot/src/share/vm/prims/jvm.cpp, line 3228]
Event: 179.667 Thread 0x00007f9731e9a000 Exception <a 'java/lang/InterruptedException': sleep interrupted> (0x000000079b08f408) thrown at [/Users/java_re/workspace/8-2-build-macosx-x86_64/jdk8u152/9742/hotspot/src/share/vm/prims/jvm.cpp, line 3228]
Event: 179.685 Thread 0x00007f9731e9a000 Exception <a 'java/lang/InterruptedException': sleep interrupted> (0x000000079b08f660) thrown at [/Users/java_re/workspace/8-2-build-macosx-x86_64/jdk8u152/9742/hotspot/src/share/vm/prims/jvm.cpp, line 3228]
Event: 179.707 Thread 0x00007f9731e9a000 Exception <a 'java/lang/InterruptedException': sleep interrupted> (0x000000079b08f8b8) thrown at [/Users/java_re/workspace/8-2-build-macosx-x86_64/jdk8u152/9742/hotspot/src/share/vm/prims/jvm.cpp, line 3228]
Event: 179.721 Thread 0x00007f9731e9a000 Exception <a 'java/lang/InterruptedException': sleep interrupted> (0x000000079b08fb10) thrown at [/Users/java_re/workspace/8-2-build-macosx-x86_64/jdk8u152/9742/hotspot/src/share/vm/prims/jvm.cpp, line 3228]
Event: 179.728 Thread 0x00007f9731e9a000 Exception <a 'java/lang/InterruptedException': sleep interrupted> (0x000000079b08fd68) thrown at [/Users/java_re/workspace/8-2-build-macosx-x86_64/jdk8u152/9742/hotspot/src/share/vm/prims/jvm.cpp, line 3228]
Event: 179.743 Thread 0x00007f9731e9a000 Exception <a 'java/lang/InterruptedException': sleep interrupted> (0x000000079b08ffc0) thrown at [/Users/java_re/workspace/8-2-build-macosx-x86_64/jdk8u152/9742/hotspot/src/share/vm/prims/jvm.cpp, line 3228]
Event: 179.754 Thread 0x00007f9731e9a000 Exception <a 'java/lang/InterruptedException': sleep interrupted> (0x000000079b090218) thrown at [/Users/java_re/workspace/8-2-build-macosx-x86_64/jdk8u152/9742/hotspot/src/share/vm/prims/jvm.cpp, line 3228]

Events (10 events):
Event: 179.742 loading class com/logitow/bridge/communication/DeviceInfo done
Event: 179.744 loading class com/logitow/bridge/build/Structure
Event: 179.744 loading class com/logitow/bridge/build/Structure done
Event: 179.747 loading class com/logitow/bridge/event/device/block/BlockOperationEvent
Event: 179.747 loading class com/logitow/bridge/event/device/block/BlockOperationEvent done
Event: 179.749 loading class com/logitow/bridge/build/block/Block
Event: 179.749 loading class com/logitow/bridge/build/block/Block done
Event: 179.752 loading class com/logitow/bridge/build/Coordinate
Event: 179.753 loading class com/logitow/bridge/build/Coordinate done
Event: 179.755 Thread 0x00007f9730106800 Thread exited: 0x00007f9730106800


Dynamic libraries:
0x000000000381c000 	/System/Library/Frameworks/Cocoa.framework/Versions/A/Cocoa
0x000000000381c000 	/System/Library/Frameworks/Security.framework/Versions/A/Security
0x000000000381c000 	/System/Library/Frameworks/ApplicationServices.framework/Versions/A/ApplicationServices
0x000000000381c000 	/usr/lib/libz.1.dylib
0x000000000381c000 	/usr/lib/libSystem.B.dylib
0x000000000381c000 	/usr/lib/libobjc.A.dylib
0x000000000381c000 	/System/Library/Frameworks/CoreFoundation.framework/Versions/A/CoreFoundation
0x000000000381c000 	/System/Library/Frameworks/Foundation.framework/Versions/C/Foundation
0x000000000381c000 	/System/Library/Frameworks/AppKit.framework/Versions/C/AppKit
0x000000000381c000 	/System/Library/Frameworks/CoreData.framework/Versions/A/CoreData
0x000000000381c000 	/System/Library/PrivateFrameworks/RemoteViewServices.framework/Versions/A/RemoteViewServices
0x000000000381c000 	/System/Library/PrivateFrameworks/UIFoundation.framework/Versions/A/UIFoundation
0x000000000381c000 	/System/Library/PrivateFrameworks/DFRFoundation.framework/Versions/A/DFRFoundation
0x000000000381c000 	/System/Library/Frameworks/Metal.framework/Versions/A/Metal
0x000000000381c000 	/System/Library/PrivateFrameworks/DesktopServicesPriv.framework/Versions/A/DesktopServicesPriv
0x000000000381c000 	/usr/lib/libenergytrace.dylib
0x000000000381c000 	/System/Library/PrivateFrameworks/SkyLight.framework/Versions/A/SkyLight
0x000000000381c000 	/System/Library/Frameworks/CoreGraphics.framework/Versions/A/CoreGraphics
0x000000000381c000 	/usr/lib/libScreenReader.dylib
0x000000000381c000 	/System/Library/Frameworks/Accelerate.framework/Versions/A/Accelerate
0x000000000381c000 	/System/Library/Frameworks/IOSurface.framework/Versions/A/IOSurface
0x000000000381c000 	/System/Library/Frameworks/AudioToolbox.framework/Versions/A/AudioToolbox
0x000000000381c000 	/System/Library/Frameworks/AudioUnit.framework/Versions/A/AudioUnit
0x000000000381c000 	/System/Library/PrivateFrameworks/DataDetectorsCore.framework/Versions/A/DataDetectorsCore
0x000000000381c000 	/System/Library/Frameworks/Carbon.framework/Versions/A/Frameworks/HIToolbox.framework/Versions/A/HIToolbox
0x000000000381c000 	/usr/lib/libicucore.A.dylib
0x000000000381c000 	/System/Library/Frameworks/QuartzCore.framework/Versions/A/QuartzCore
0x000000000381c000 	/System/Library/Frameworks/Carbon.framework/Versions/A/Frameworks/SpeechRecognition.framework/Versions/A/SpeechRecognition
0x000000000381c000 	/usr/lib/libauto.dylib
0x000000000381c000 	/usr/lib/libxml2.2.dylib
0x000000000381c000 	/System/Library/PrivateFrameworks/CoreUI.framework/Versions/A/CoreUI
0x000000000381c000 	/System/Library/Frameworks/CoreAudio.framework/Versions/A/CoreAudio
0x000000000381c000 	/System/Library/Frameworks/DiskArbitration.framework/Versions/A/DiskArbitration
0x000000000381c000 	/usr/lib/liblangid.dylib
0x000000000381c000 	/System/Library/PrivateFrameworks/MultitouchSupport.framework/Versions/A/MultitouchSupport
0x000000000381c000 	/System/Library/Frameworks/IOKit.framework/Versions/A/IOKit
0x000000000381c000 	/usr/lib/libDiagnosticMessagesClient.dylib
0x000000000381c000 	/System/Library/Frameworks/CoreServices.framework/Versions/A/CoreServices
0x000000000381c000 	/System/Library/PrivateFrameworks/PerformanceAnalysis.framework/Versions/A/PerformanceAnalysis
0x000000000381c000 	/System/Library/Frameworks/OpenGL.framework/Versions/A/OpenGL
0x000000000381c000 	/System/Library/Frameworks/ColorSync.framework/Versions/A/ColorSync
0x000000000381c000 	/System/Library/Frameworks/CoreImage.framework/Versions/A/CoreImage
0x000000000381c000 	/System/Library/Frameworks/CoreText.framework/Versions/A/CoreText
0x000000000381c000 	/System/Library/Frameworks/ImageIO.framework/Versions/A/ImageIO
0x000000000381c000 	/System/Library/PrivateFrameworks/Backup.framework/Versions/A/Backup
0x000000000381c000 	/usr/lib/libarchive.2.dylib
0x000000000381c000 	/System/Library/Frameworks/CFNetwork.framework/Versions/A/CFNetwork
0x000000000381c000 	/System/Library/Frameworks/SystemConfiguration.framework/Versions/A/SystemConfiguration
0x000000000381c000 	/usr/lib/libCRFSuite.dylib
0x000000000381c000 	/usr/lib/libc++.1.dylib
0x000000000381c000 	/usr/lib/libc++abi.dylib
0x000000000381c000 	/usr/lib/system/libcache.dylib
0x000000000381c000 	/usr/lib/system/libcommonCrypto.dylib
0x000000000381c000 	/usr/lib/system/libcompiler_rt.dylib
0x000000000381c000 	/usr/lib/system/libcopyfile.dylib
0x000000000381c000 	/usr/lib/system/libcorecrypto.dylib
0x000000000381c000 	/usr/lib/system/libdispatch.dylib
0x000000000381c000 	/usr/lib/system/libdyld.dylib
0x000000000381c000 	/usr/lib/system/libkeymgr.dylib
0x000000000381c000 	/usr/lib/system/liblaunch.dylib
0x000000000381c000 	/usr/lib/system/libmacho.dylib
0x000000000381c000 	/usr/lib/system/libquarantine.dylib
0x000000000381c000 	/usr/lib/system/libremovefile.dylib
0x000000000381c000 	/usr/lib/system/libsystem_asl.dylib
0x000000000381c000 	/usr/lib/system/libsystem_blocks.dylib
0x000000000381c000 	/usr/lib/system/libsystem_c.dylib
0x000000000381c000 	/usr/lib/system/libsystem_configuration.dylib
0x000000000381c000 	/usr/lib/system/libsystem_coreservices.dylib
0x000000000381c000 	/usr/lib/system/libsystem_darwin.dylib
0x000000000381c000 	/usr/lib/system/libsystem_dnssd.dylib
0x000000000381c000 	/usr/lib/system/libsystem_info.dylib
0x000000000381c000 	/usr/lib/system/libsystem_m.dylib
0x000000000381c000 	/usr/lib/system/libsystem_malloc.dylib
0x000000000381c000 	/usr/lib/system/libsystem_network.dylib
0x000000000381c000 	/usr/lib/system/libsystem_networkextension.dylib
0x000000000381c000 	/usr/lib/system/libsystem_notify.dylib
0x000000000381c000 	/usr/lib/system/libsystem_sandbox.dylib
0x000000000381c000 	/usr/lib/system/libsystem_secinit.dylib
0x000000000381c000 	/usr/lib/system/libsystem_kernel.dylib
0x000000000381c000 	/usr/lib/system/libsystem_platform.dylib
0x000000000381c000 	/usr/lib/system/libsystem_pthread.dylib
0x000000000381c000 	/usr/lib/system/libsystem_symptoms.dylib
0x000000000381c000 	/usr/lib/system/libsystem_trace.dylib
0x000000000381c000 	/usr/lib/system/libunwind.dylib
0x000000000381c000 	/usr/lib/system/libxpc.dylib
0x000000000381c000 	/usr/lib/closure/libclosured.dylib
0x000000000381c000 	/usr/lib/libbsm.0.dylib
0x000000000381c000 	/usr/lib/system/libkxld.dylib
0x000000000381c000 	/usr/lib/libOpenScriptingUtil.dylib
0x000000000381c000 	/usr/lib/libcoretls.dylib
0x000000000381c000 	/usr/lib/libcoretls_cfhelpers.dylib
0x000000000381c000 	/usr/lib/libpam.2.dylib
0x000000000381c000 	/usr/lib/libsqlite3.dylib
0x000000000381c000 	/usr/lib/libxar.1.dylib
0x000000000381c000 	/usr/lib/libbz2.1.0.dylib
0x000000000381c000 	/usr/lib/liblzma.5.dylib
0x000000000381c000 	/usr/lib/libnetwork.dylib
0x000000000381c000 	/usr/lib/libapple_nghttp2.dylib
0x000000000381c000 	/usr/lib/libpcap.A.dylib
0x000000000381c000 	/usr/lib/libboringssl.dylib
0x000000000381c000 	/usr/lib/libusrtcp.dylib
0x000000000381c000 	/usr/lib/libapple_crypto.dylib
0x000000000381c000 	/System/Library/Frameworks/CoreServices.framework/Versions/A/Frameworks/FSEvents.framework/Versions/A/FSEvents
0x000000000381c000 	/System/Library/Frameworks/CoreServices.framework/Versions/A/Frameworks/CarbonCore.framework/Versions/A/CarbonCore
0x000000000381c000 	/System/Library/Frameworks/CoreServices.framework/Versions/A/Frameworks/Metadata.framework/Versions/A/Metadata
0x000000000381c000 	/System/Library/Frameworks/CoreServices.framework/Versions/A/Frameworks/OSServices.framework/Versions/A/OSServices
0x000000000381c000 	/System/Library/Frameworks/CoreServices.framework/Versions/A/Frameworks/SearchKit.framework/Versions/A/SearchKit
0x000000000381c000 	/System/Library/Frameworks/CoreServices.framework/Versions/A/Frameworks/AE.framework/Versions/A/AE
0x000000000381c000 	/System/Library/Frameworks/CoreServices.framework/Versions/A/Frameworks/LaunchServices.framework/Versions/A/LaunchServices
0x000000000381c000 	/System/Library/Frameworks/CoreServices.framework/Versions/A/Frameworks/DictionaryServices.framework/Versions/A/DictionaryServices
0x000000000381c000 	/System/Library/Frameworks/CoreServices.framework/Versions/A/Frameworks/SharedFileList.framework/Versions/A/SharedFileList
0x000000000381c000 	/System/Library/Frameworks/NetFS.framework/Versions/A/NetFS
0x000000000381c000 	/System/Library/PrivateFrameworks/NetAuth.framework/Versions/A/NetAuth
0x000000000381c000 	/System/Library/PrivateFrameworks/login.framework/Versions/A/Frameworks/loginsupport.framework/Versions/A/loginsupport
0x000000000381c000 	/System/Library/PrivateFrameworks/TCC.framework/Versions/A/TCC
0x000000000381c000 	/usr/lib/libmecabra.dylib
0x000000000381c000 	/System/Library/Frameworks/ApplicationServices.framework/Versions/A/Frameworks/ATS.framework/Versions/A/ATS
0x000000000381c000 	/System/Library/Frameworks/ApplicationServices.framework/Versions/A/Frameworks/ColorSyncLegacy.framework/Versions/A/ColorSyncLegacy
0x000000000381c000 	/System/Library/Frameworks/ApplicationServices.framework/Versions/A/Frameworks/HIServices.framework/Versions/A/HIServices
0x000000000381c000 	/System/Library/Frameworks/ApplicationServices.framework/Versions/A/Frameworks/LangAnalysis.framework/Versions/A/LangAnalysis
0x000000000381c000 	/System/Library/Frameworks/ApplicationServices.framework/Versions/A/Frameworks/PrintCore.framework/Versions/A/PrintCore
0x000000000381c000 	/System/Library/Frameworks/ApplicationServices.framework/Versions/A/Frameworks/QD.framework/Versions/A/QD
0x000000000381c000 	/System/Library/Frameworks/ApplicationServices.framework/Versions/A/Frameworks/SpeechSynthesis.framework/Versions/A/SpeechSynthesis
0x000000000381c000 	/System/Library/Frameworks/CoreDisplay.framework/Versions/A/CoreDisplay
0x000000000381c000 	/System/Library/Frameworks/Accelerate.framework/Versions/A/Frameworks/vImage.framework/Versions/A/vImage
0x000000000381c000 	/System/Library/Frameworks/Accelerate.framework/Versions/A/Frameworks/vecLib.framework/Versions/A/vecLib
0x000000000381c000 	/System/Library/Frameworks/Accelerate.framework/Versions/A/Frameworks/vecLib.framework/Versions/A/libvDSP.dylib
0x000000000381c000 	/System/Library/Frameworks/Accelerate.framework/Versions/A/Frameworks/vecLib.framework/Versions/A/libBNNS.dylib
0x000000000381c000 	/System/Library/Frameworks/Accelerate.framework/Versions/A/Frameworks/vecLib.framework/Versions/A/libQuadrature.dylib
0x000000000381c000 	/System/Library/Frameworks/Accelerate.framework/Versions/A/Frameworks/vecLib.framework/Versions/A/libvMisc.dylib
0x000000000381c000 	/System/Library/Frameworks/Accelerate.framework/Versions/A/Frameworks/vecLib.framework/Versions/A/libLAPACK.dylib
0x000000000381c000 	/System/Library/Frameworks/Accelerate.framework/Versions/A/Frameworks/vecLib.framework/Versions/A/libBLAS.dylib
0x000000000381c000 	/System/Library/Frameworks/Accelerate.framework/Versions/A/Frameworks/vecLib.framework/Versions/A/libLinearAlgebra.dylib
0x000000000381c000 	/System/Library/Frameworks/Accelerate.framework/Versions/A/Frameworks/vecLib.framework/Versions/A/libSparse.dylib
0x000000000381c000 	/System/Library/Frameworks/Accelerate.framework/Versions/A/Frameworks/vecLib.framework/Versions/A/libSparseBLAS.dylib
0x000000000381c000 	/System/Library/PrivateFrameworks/IOAccelerator.framework/Versions/A/IOAccelerator
0x000000000381c000 	/System/Library/PrivateFrameworks/IOPresentment.framework/Versions/A/IOPresentment
0x000000000381c000 	/System/Library/PrivateFrameworks/DSExternalDisplay.framework/Versions/A/DSExternalDisplay
0x000000000381c000 	/System/Library/Frameworks/OpenGL.framework/Versions/A/Libraries/libCoreFSCache.dylib
0x000000000381c000 	/System/Library/Frameworks/CoreVideo.framework/Versions/A/CoreVideo
0x000000000381c000 	/System/Library/PrivateFrameworks/GraphVisualizer.framework/Versions/A/GraphVisualizer
0x000000000381c000 	/System/Library/Frameworks/MetalPerformanceShaders.framework/Versions/A/MetalPerformanceShaders
0x000000000381c000 	/usr/lib/libFosl_dynamic.dylib
0x000000000381c000 	/System/Library/PrivateFrameworks/FaceCore.framework/Versions/A/FaceCore
0x000000000381c000 	/System/Library/Frameworks/OpenCL.framework/Versions/A/OpenCL
0x000000000381c000 	/usr/lib/libcompression.dylib
0x000000000381c000 	/System/Library/Frameworks/ApplicationServices.framework/Versions/A/Frameworks/ATS.framework/Versions/A/Resources/libFontParser.dylib
0x000000000381c000 	/System/Library/Frameworks/ApplicationServices.framework/Versions/A/Frameworks/ATS.framework/Versions/A/Resources/libFontRegistry.dylib
0x000000000381c000 	/System/Library/Frameworks/ImageIO.framework/Versions/A/Resources/libJPEG.dylib
0x000000000381c000 	/System/Library/Frameworks/ImageIO.framework/Versions/A/Resources/libTIFF.dylib
0x000000000381c000 	/System/Library/Frameworks/ImageIO.framework/Versions/A/Resources/libPng.dylib
0x000000000381c000 	/System/Library/Frameworks/ImageIO.framework/Versions/A/Resources/libGIF.dylib
0x000000000381c000 	/System/Library/Frameworks/ImageIO.framework/Versions/A/Resources/libJP2.dylib
0x000000000381c000 	/System/Library/Frameworks/ImageIO.framework/Versions/A/Resources/libRadiance.dylib
0x000000000381c000 	/System/Library/PrivateFrameworks/AppleJPEG.framework/Versions/A/AppleJPEG
0x000000000381c000 	/System/Library/PrivateFrameworks/MetalTools.framework/Versions/A/MetalTools
0x000000000381c000 	/System/Library/Frameworks/MetalPerformanceShaders.framework/Frameworks/MPSCore.framework/Versions/A/MPSCore
0x000000000381c000 	/System/Library/Frameworks/MetalPerformanceShaders.framework/Frameworks/MPSImage.framework/Versions/A/MPSImage
0x000000000381c000 	/System/Library/Frameworks/MetalPerformanceShaders.framework/Frameworks/MPSMatrix.framework/Versions/A/MPSMatrix
0x000000000381c000 	/System/Library/Frameworks/MetalPerformanceShaders.framework/Frameworks/MPSNeuralNetwork.framework/Versions/A/MPSNeuralNetwork
0x000000000381c000 	/System/Library/Frameworks/OpenGL.framework/Versions/A/Libraries/libGLU.dylib
0x000000000381c000 	/System/Library/Frameworks/OpenGL.framework/Versions/A/Libraries/libGFXShared.dylib
0x000000000381c000 	/System/Library/Frameworks/OpenGL.framework/Versions/A/Libraries/libGL.dylib
0x000000000381c000 	/System/Library/Frameworks/OpenGL.framework/Versions/A/Libraries/libGLImage.dylib
0x000000000381c000 	/System/Library/Frameworks/OpenGL.framework/Versions/A/Libraries/libCVMSPluginSupport.dylib
0x000000000381c000 	/System/Library/Frameworks/OpenGL.framework/Versions/A/Libraries/libCoreVMClient.dylib
0x000000000381c000 	/usr/lib/libcups.2.dylib
0x000000000381c000 	/System/Library/Frameworks/Kerberos.framework/Versions/A/Kerberos
0x000000000381c000 	/System/Library/Frameworks/GSS.framework/Versions/A/GSS
0x000000000381c000 	/usr/lib/libresolv.9.dylib
0x000000000381c000 	/usr/lib/libiconv.2.dylib
0x000000000381c000 	/System/Library/PrivateFrameworks/Heimdal.framework/Versions/A/Heimdal
0x000000000381c000 	/usr/lib/libheimdal-asn1.dylib
0x000000000381c000 	/System/Library/Frameworks/OpenDirectory.framework/Versions/A/OpenDirectory
0x000000000381c000 	/System/Library/PrivateFrameworks/CommonAuth.framework/Versions/A/CommonAuth
0x000000000381c000 	/System/Library/Frameworks/OpenDirectory.framework/Versions/A/Frameworks/CFOpenDirectory.framework/Versions/A/CFOpenDirectory
0x000000000381c000 	/System/Library/Frameworks/SecurityFoundation.framework/Versions/A/SecurityFoundation
0x000000000381c000 	/System/Library/PrivateFrameworks/APFS.framework/Versions/A/APFS
0x000000000381c000 	/usr/lib/libutil.dylib
0x000000000381c000 	/System/Library/PrivateFrameworks/AppleSauce.framework/Versions/A/AppleSauce
0x000000000381c000 	/System/Library/PrivateFrameworks/LinguisticData.framework/Versions/A/LinguisticData
0x000000000381c000 	/usr/lib/libmarisa.dylib
0x000000000381c000 	/System/Library/PrivateFrameworks/Lexicon.framework/Versions/A/Lexicon
0x000000000381c000 	/usr/lib/libChineseTokenizer.dylib
0x000000000381c000 	/usr/lib/libcmph.dylib
0x000000000381c000 	/System/Library/PrivateFrameworks/LanguageModeling.framework/Versions/A/LanguageModeling
0x000000000381c000 	/System/Library/PrivateFrameworks/CoreEmoji.framework/Versions/A/CoreEmoji
0x000000000381c000 	/System/Library/Frameworks/ServiceManagement.framework/Versions/A/ServiceManagement
0x000000000381c000 	/System/Library/PrivateFrameworks/BackgroundTaskManagement.framework/Versions/A/BackgroundTaskManagement
0x000000000381c000 	/usr/lib/libxslt.1.dylib
0x000000000381c000 	/System/Library/Frameworks/Carbon.framework/Versions/A/Frameworks/Ink.framework/Versions/A/Ink
0x000000000381c000 	/System/Library/PrivateFrameworks/TextureIO.framework/Versions/A/TextureIO
0x000000000381c000 	/usr/lib/libate.dylib
0x000000000381c000 	/System/Library/PrivateFrameworks/CrashReporterSupport.framework/Versions/A/CrashReporterSupport
0x000000000381c000 	/System/Library/PrivateFrameworks/Sharing.framework/Versions/A/Sharing
0x000000000381c000 	/System/Library/PrivateFrameworks/IconServices.framework/Versions/A/IconServices
0x000000000381c000 	/System/Library/PrivateFrameworks/ProtocolBuffer.framework/Versions/A/ProtocolBuffer
0x000000000381c000 	/System/Library/PrivateFrameworks/Apple80211.framework/Versions/A/Apple80211
0x000000000381c000 	/System/Library/Frameworks/CoreWLAN.framework/Versions/A/CoreWLAN
0x000000000381c000 	/System/Library/PrivateFrameworks/CoreUtils.framework/Versions/A/CoreUtils
0x000000000381c000 	/System/Library/Frameworks/IOBluetooth.framework/Versions/A/IOBluetooth
0x000000000381c000 	/System/Library/PrivateFrameworks/CoreWiFi.framework/Versions/A/CoreWiFi
0x000000000381c000 	/System/Library/Frameworks/CoreBluetooth.framework/Versions/A/CoreBluetooth
0x000000000381c000 	/System/Library/PrivateFrameworks/SignpostNotification.framework/Versions/A/SignpostNotification
0x000000000381c000 	/System/Library/PrivateFrameworks/DebugSymbols.framework/Versions/A/DebugSymbols
0x000000000381c000 	/System/Library/PrivateFrameworks/CoreSymbolication.framework/Versions/A/CoreSymbolication
0x000000000381c000 	/System/Library/PrivateFrameworks/Symbolication.framework/Versions/A/Symbolication
0x000000000381c000 	/System/Library/PrivateFrameworks/AppleFSCompression.framework/Versions/A/AppleFSCompression
0x000000000381c000 	/System/Library/PrivateFrameworks/SpeechRecognitionCore.framework/Versions/A/SpeechRecognitionCore
0x000000000381c000 	/System/Library/CoreServices/Encodings/libLatin2Converter.dylib
0x0000000100e00000 	/Library/Java/JavaVirtualMachines/jdk1.8.0_152.jdk/Contents/Home/jre/lib/server/libjvm.dylib
0x000000000381c000 	/usr/lib/libstdc++.6.0.9.dylib
0x0000000100555000 	/Library/Java/JavaVirtualMachines/jdk1.8.0_152.jdk/Contents/Home/jre/lib/libverify.dylib
0x0000000100563000 	/Library/Java/JavaVirtualMachines/jdk1.8.0_152.jdk/Contents/Home/jre/lib/libjava.dylib
0x00000001005e3000 	/Library/Java/JavaVirtualMachines/jdk1.8.0_152.jdk/Contents/Home/jre/lib/libzip.dylib
0x00000001197f0000 	/Library/Java/JavaVirtualMachines/jdk1.8.0_152.jdk/Contents/Home/jre/lib/libmanagement.dylib
0x0000000119b63000 	/Library/Java/JavaVirtualMachines/jdk1.8.0_152.jdk/Contents/Home/jre/lib/libnet.dylib
0x0000000119d95000 	/Library/Java/JavaVirtualMachines/jdk1.8.0_152.jdk/Contents/Home/jre/lib/libnio.dylib
0x000000011b426000 	/Library/Java/JavaVirtualMachines/jdk1.8.0_152.jdk/Contents/Home/jre/lib/libawt.dylib
0x000000011b4d0000 	/Library/Java/JavaVirtualMachines/jdk1.8.0_152.jdk/Contents/Home/jre/lib/./libmlib_image.dylib
0x000000000381c000 	/System/Library/Frameworks/JavaVM.framework/Versions/A/Frameworks/JavaNativeFoundation.framework/Versions/A/JavaNativeFoundation
0x000000000381c000 	/System/Library/Frameworks/JavaVM.framework/Versions/A/Frameworks/JavaRuntimeSupport.framework/Versions/A/JavaRuntimeSupport
0x000000000381c000 	/System/Library/Frameworks/JavaVM.framework/Versions/A/JavaVM
0x000000000381c000 	/System/Library/PrivateFrameworks/JavaLaunching.framework/Versions/A/JavaLaunching
0x000000000381c000 	/System/Library/Frameworks/Carbon.framework/Versions/A/Carbon
0x000000000381c000 	/System/Library/Frameworks/Carbon.framework/Versions/A/Frameworks/CommonPanels.framework/Versions/A/CommonPanels
0x000000000381c000 	/System/Library/Frameworks/Carbon.framework/Versions/A/Frameworks/Help.framework/Versions/A/Help
0x000000000381c000 	/System/Library/Frameworks/Carbon.framework/Versions/A/Frameworks/ImageCapture.framework/Versions/A/ImageCapture
0x000000000381c000 	/System/Library/Frameworks/Carbon.framework/Versions/A/Frameworks/OpenScripting.framework/Versions/A/OpenScripting
0x000000000381c000 	/System/Library/Frameworks/Carbon.framework/Versions/A/Frameworks/Print.framework/Versions/A/Print
0x000000000381c000 	/System/Library/Frameworks/Carbon.framework/Versions/A/Frameworks/SecurityHI.framework/Versions/A/SecurityHI
0x000000011b59c000 	/Library/Java/JavaVirtualMachines/jdk1.8.0_152.jdk/Contents/Home/jre/lib/libawt_lwawt.dylib
0x0000000119867000 	/Library/Java/JavaVirtualMachines/jdk1.8.0_152.jdk/Contents/Home/jre/lib/./libosxapp.dylib
0x000000000381c000 	/System/Library/Frameworks/ExceptionHandling.framework/Versions/A/ExceptionHandling
0x000000000381c000 	/System/Library/PrivateFrameworks/CoreServicesInternal.framework/Versions/A/CoreServicesInternal
0x000000000381c000 	/System/Library/CoreServices/RawCamera.bundle/Contents/MacOS/RawCamera
0x000000000381c000 	/System/Library/PrivateFrameworks/MobileAsset.framework/Versions/A/MobileAsset
0x000000000381c000 	/System/Library/PrivateFrameworks/StreamingZip.framework/Versions/A/StreamingZip
0x000000000381c000 	/System/Library/Frameworks/MediaToolbox.framework/Versions/A/MediaToolbox
0x000000000381c000 	/System/Library/PrivateFrameworks/CoreAVCHD.framework/Versions/A/CoreAVCHD
0x000000000381c000 	/System/Library/Frameworks/MediaAccessibility.framework/Versions/A/MediaAccessibility
0x000000000381c000 	/System/Library/PrivateFrameworks/Mangrove.framework/Versions/A/Mangrove
0x000000000381c000 	/System/Library/Frameworks/CoreMedia.framework/Versions/A/CoreMedia
0x000000000381c000 	/System/Library/Frameworks/VideoToolbox.framework/Versions/A/VideoToolbox
0x000000000381c000 	/System/Library/PrivateFrameworks/CoreAUC.framework/Versions/A/CoreAUC
0x000000000381c000 	/usr/lib/libspindump.dylib
0x000000000381c000 	/usr/lib/libdscsym.dylib
0x000000000381c000 	/System/Library/PrivateFrameworks/AppleVA.framework/Versions/A/AppleVA
0x000000000381c000 	/System/Library/Frameworks/Accelerate.framework/Versions/A/Frameworks/vImage.framework/Versions/A/Libraries/libCGInterfaces.dylib
0x000000000381c000 	/System/Library/Frameworks/ApplicationServices.framework/Versions/A/Frameworks/ATS.framework/Versions/A/Resources/libTrueTypeScaler.dylib
0x000000000381c000 	/System/Library/Frameworks/OpenGL.framework/Versions/A/Resources/GLEngine.bundle/GLEngine
0x000000000381c000 	/System/Library/Frameworks/OpenGL.framework/Versions/A/Libraries/libGLProgrammability.dylib
0x000000011de88000 	/System/Library/Extensions/AppleIntelBDWGraphicsGLDriver.bundle/Contents/MacOS/AppleIntelBDWGraphicsGLDriver
0x000000000381c000 	/System/Library/PrivateFrameworks/GPUSupport.framework/Versions/A/Libraries/libGPUSupportMercury.dylib
0x000000000381c000 	/System/Library/Frameworks/OpenGL.framework/Versions/A/Resources/GLRendererFloat.bundle/GLRendererFloat
0x000000000381c000 	/System/Library/Frameworks/OpenCL.framework/Versions/A/Libraries/libcldcpuengine.dylib
0x000000000381c000 	/usr/lib/libcrypto.35.dylib
0x000000000381c000 	/System/Library/PrivateFrameworks/TrustEvaluationAgent.framework/Versions/A/TrustEvaluationAgent
0x000000000381c000 	/System/Library/Extensions/AppleIntelBDWGraphicsMTLDriver.bundle/Contents/MacOS/AppleIntelBDWGraphicsMTLDriver
0x000000000381c000 	/System/Library/PrivateFrameworks/GPUCompiler.framework/Versions/3802/Libraries/libmetal_timestamp.dylib
0x000000000381c000 	/System/Library/PrivateFrameworks/FamilyControls.framework/Versions/A/FamilyControls
0x000000000381c000 	/System/Library/PrivateFrameworks/CommerceKit.framework/Versions/A/Frameworks/CommerceCore.framework/Versions/A/CommerceCore
0x000000000381c000 	/System/Library/PrivateFrameworks/SystemAdministration.framework/Versions/A/SystemAdministration
0x000000000381c000 	/System/Library/PrivateFrameworks/AppContainer.framework/Versions/A/AppContainer
0x000000000381c000 	/System/Library/PrivateFrameworks/SecCodeWrapper.framework/Versions/A/SecCodeWrapper
0x000000000381c000 	/System/Library/PrivateFrameworks/DiskManagement.framework/Versions/A/DiskManagement
0x000000000381c000 	/System/Library/Frameworks/DirectoryService.framework/Versions/A/DirectoryService
0x000000000381c000 	/System/Library/PrivateFrameworks/DiskImages.framework/Versions/A/DiskImages
0x000000000381c000 	/System/Library/PrivateFrameworks/LoginUIKit.framework/Versions/A/Frameworks/LoginUICore.framework/Versions/A/LoginUICore
0x000000000381c000 	/usr/lib/libCoreStorage.dylib
0x000000000381c000 	/usr/lib/libcsfde.dylib
0x000000000381c000 	/usr/lib/libodfde.dylib
0x000000000381c000 	/System/Library/PrivateFrameworks/MediaKit.framework/Versions/A/MediaKit
0x000000000381c000 	/System/Library/Frameworks/DiscRecording.framework/Versions/A/DiscRecording
0x000000000381c000 	/System/Library/PrivateFrameworks/EFILogin.framework/Versions/A/EFILogin
0x000000000381c000 	/System/Library/PrivateFrameworks/ProtectedCloudStorage.framework/Versions/A/ProtectedCloudStorage
0x000000000381c000 	/usr/lib/libcurl.4.dylib
0x000000000381c000 	/usr/lib/libssl.35.dylib
0x000000000381c000 	/System/Library/Frameworks/LDAP.framework/Versions/A/LDAP
0x000000000381c000 	/usr/lib/libsasl2.2.dylib
0x000000000381c000 	/System/Library/PrivateFrameworks/CoreDaemon.framework/Versions/B/CoreDaemon
0x000000000381c000 	/System/Library/PrivateFrameworks/AppleSRP.framework/Versions/A/AppleSRP
0x0000000119a87000 	/Library/Java/JavaVirtualMachines/jdk1.8.0_152.jdk/Contents/Home/jre/lib/libfontmanager.dylib
0x000000011ad7f000 	/Users/matoosh/.gradle/caches/minecraft/net/minecraft/natives/1.12.2/liblwjgl.dylib
0x0000000119aee000 	/Library/Java/JavaVirtualMachines/jdk1.8.0_152.jdk/Contents/Home/jre/lib/libjawt.dylib
0x000000000381c000 	/System/Library/PrivateFrameworks/ViewBridge.framework/Versions/A/ViewBridge
0x000000011aac0000 	/Users/matoosh/.gradle/caches/minecraft/net/minecraft/natives/1.12.2/openal.dylib
0x00000001225fd000 	/System/Library/Components/CoreAudio.component/Contents/MacOS/CoreAudio
0x00000001198a6000 	/System/Library/Extensions/AppleHDA.kext/Contents/PlugIns/AppleHDAHALPlugIn.bundle/Contents/MacOS/AppleHDAHALPlugIn
0x000000011a335000 	/private/var/folders/l3/r96lzyj92j1bmjb_6n6lcx1h0000gn/T/nativeutils28581451551908/liblogitow.jnilib
0x000000011a1fb000 	/private/var/folders/l3/r96lzyj92j1bmjb_6n6lcx1h0000gn/T/jna-841226645/jna5036379151909502669.tmp
0x0000000119a44000 	/private/var/folders/l3/r96lzyj92j1bmjb_6n6lcx1h0000gn/T/libjcocoa6479860158430436444.dylib
0x000000011a1a5000 	/Library/Java/JavaVirtualMachines/jdk1.8.0_152.jdk/Contents/Home/jre/lib/libsunec.dylib
0x000000000381c000 	/System/Library/PrivateFrameworks/login.framework/Versions/A/login

VM Arguments:
jvm_args: -Dfile.encoding=UTF-8 -Duser.country=PL -Duser.language=pl -Duser.variant 
java_command: GradleStart
java_class_path (initial): /Volumes/NewBadDrive/Coding/Dektop/logitow/logimine/libs/logitow-bridge-0.3-all.jar:/Users/matoosh/.gradle/caches/minecraft/deobfedDeps/compileDummy.jar:/Users/matoosh/.gradle/caches/minecraft/deobfedDeps/providedDummy.jar:/Users/matoosh/.gradle/caches/modules-2/files-2.1/net.sf.jni4net/jni4net.j/0.8.8.0/5f2fb07a0590a55d8d54ad11f8c9fadec07bcdc5/jni4net.j-0.8.8.0.pom:/Users/matoosh/.gradle/caches/minecraft/net/minecraftforge/forge/1.12.2-14.23.1.2578/snapshot/20171003/forgeBin-1.12.2-14.23.1.2578.jar:/Users/matoosh/.gradle/caches/modules-2/files-2.1/com.mojang/authlib/1.5.25/9834cdf236c22e84b946bba989e2f94ef5897c3c/authlib-1.5.25.jar:/Users/matoosh/.gradle/caches/modules-2/files-2.1/com.google.code.findbugs/jsr305/3.0.1/f7be08ec23c21485b9b5a1cf1654c2ec8c58168d/jsr305-3.0.1.jar:/Users/matoosh/.gradle/caches/modules-2/files-2.1/com.mojang/patchy/1.1/aef610b34a1be37fa851825f12372b78424d8903/patchy-1.1.jar:/Users/matoosh/.gradle/caches/modules-2/files-2.1/oshi-project/oshi-core/1.1/9ddf7b048a8d701be231c0f4f95fd986198fd2d8/oshi-core-1.1.jar:/Users/matoosh/.gradle/caches/modules-2/files-2.1/com.mojang/text2speech/1.10.3/48fd510879dff266c3815947de66e3d4809f8668/text2speech-1.10.3.jar:/Users/matoosh/.gradle/caches/modules-2/files-2.1/ca.weblite/java-objc-bridge/1.0.0/6ef160c3133a78de015830860197602ca1c855d3/java-objc-bridge-1.0.0.jar:/Users/matoosh/.gradle/caches/modules-2/files-2.1/net.java.dev.jna/jna/4.4.0/cb208278274bf12ebdb56c61bd7407e6f774d65a/jna-4.4.0.jar:/Users/matoosh/.gradle/caches/modules-2/files-2.1/net.java.dev.jna/platform/3.4.0/e3f70017be8100d3d6923f50b3d2ee17714e9c13/platform-3.4.0.jar:/Users/matoosh/.gradle/caches/modules-2/files-2.1/com.ibm.icu/icu4j-core-mojang/51.2/63d216a9311cca6be337c1e458e587f99d382b84/icu4j-core-mojang-51.2.jar:/Users/matoosh/.gradle/caches/modules-2/files-2.1/net.minecraft/launchwrapper/1.12/111e7bea9c968cdb3d06ef4632bf7ff0824d0f36/launchwrapper-1.12.jar:/Users/matoosh/.gradle/caches/modules-2/files-2.1/
Launcher Type: SUN_STANDARD

Environment Variables:
PATH=/usr/local/bin:/usr/bin:/bin:/usr/sbin:/sbin:/usr/local/share/dotnet:/Library/Frameworks/Mono.framework/Versions/Current/Commands
SHELL=/bin/bash

Signal Handlers:
SIGSEGV: [libjvm.dylib+0x5b494d], sa_mask[0]=11111111011111110111111111111111, sa_flags=SA_ONSTACK|SA_RESTART|SA_SIGINFO
SIGBUS: [libjvm.dylib+0x5b494d], sa_mask[0]=11111111011111110111111111111111, sa_flags=SA_RESTART|SA_SIGINFO
SIGFPE: [libjvm.dylib+0x48ab54], sa_mask[0]=11111111011111110111111111111111, sa_flags=SA_RESTART|SA_SIGINFO
SIGPIPE: [libjvm.dylib+0x48ab54], sa_mask[0]=11111111011111110111111111111111, sa_flags=SA_RESTART|SA_SIGINFO
SIGXFSZ: [libjvm.dylib+0x48ab54], sa_mask[0]=11111111011111110111111111111111, sa_flags=SA_RESTART|SA_SIGINFO
SIGILL: [libjvm.dylib+0x48ab54], sa_mask[0]=11111111011111110111111111111111, sa_flags=SA_RESTART|SA_SIGINFO
SIGUSR1: SIG_DFL, sa_mask[0]=00000000000000000000000000000000, sa_flags=none
SIGUSR2: [libjvm.dylib+0x48a672], sa_mask[0]=00100000000000000000000000000000, sa_flags=SA_RESTART|SA_SIGINFO
SIGHUP: [libjvm.dylib+0x488c49], sa_mask[0]=11111111011111110111111111111111, sa_flags=SA_RESTART|SA_SIGINFO
SIGINT: [libjvm.dylib+0x488c49], sa_mask[0]=11111111011111110111111111111111, sa_flags=SA_RESTART|SA_SIGINFO
SIGTERM: [libjvm.dylib+0x488c49], sa_mask[0]=11111111011111110111111111111111, sa_flags=SA_RESTART|SA_SIGINFO
SIGQUIT: [libjvm.dylib+0x488c49], sa_mask[0]=11111111011111110111111111111111, sa_flags=SA_RESTART|SA_SIGINFO


---------------  S Y S T E M  ---------------

OS:Bsduname:Darwin 17.3.0 Darwin Kernel Version 17.3.0: Thu Nov  9 18:09:22 PST 2017; root:xnu-4570.31.3~1/RELEASE_X86_64 x86_64
rlimit: STACK 8192k, CORE 0k, NPROC 709, NOFILE 10240, AS infinity
load average:4.80 3.90 3.01

CPU:total 4 (initial active 4) (2 cores per cpu, 2 threads per core) family 6 model 61 stepping 4, cmov, cx8, fxsr, mmx, sse, sse2, sse3, ssse3, sse4.1, sse4.2, popcnt, avx, avx2, aes, clmul, erms, 3dnowpref, lzcnt, ht, tsc, tscinvbit, bmi1, bmi2, adx

Memory: 4k page, physical 8388608k(79420k free)

/proc/meminfo:


vm_info: Java HotSpot(TM) 64-Bit Server VM (25.152-b16) for bsd-amd64 JRE (1.8.0_152-b16), built on Sep 14 2017 02:31:13 by "java_re" with gcc 4.2.1 (Based on Apple Inc. build 5658) (LLVM build 2336.11.00)

time: Fri Jan  5 00:45:40 2018
elapsed time: 179 seconds (0d 0h 2m 59s)

